app/build/intermediates/manifest_merge_blame_file/debug/manifest-merger-blame-debug-report.txt
1<?xml version="1.0" encoding="utf-8"?>
2<manifest xmlns:android="http://schemas.android.com/apk/res/android"
3    package="com.di.battlemaniaV5"
4    android:versionCode="1"
5    android:versionName="0.1.0" >
6
7    <uses-sdk
8        android:minSdkVersion="21"
8-->src\main\AndroidManifest.xml
9        android:targetSdkVersion="30" />
9-->src\main\AndroidManifest.xml
10
11    <uses-feature
11-->src\main\AndroidManifest.xml:6:5-8:36
12        android:name="android.hardware.telephony"
12-->src\main\AndroidManifest.xml:7:9-50
13        android:required="false" />
13-->src\main\AndroidManifest.xml:8:9-33
14
15    <uses-permission android:name="android.permission.REQUEST_INSTALL_PACKAGES" />
15-->src\main\AndroidManifest.xml:10:5-83
15-->src\main\AndroidManifest.xml:10:22-80
16    <uses-permission android:name="android.permission.INTERNET" />
16-->src\main\AndroidManifest.xml:11:5-67
16-->src\main\AndroidManifest.xml:11:22-64
17    <uses-permission android:name="android.permission.ACCESS_NETWORK_STATE" />
17-->src\main\AndroidManifest.xml:12:5-79
17-->src\main\AndroidManifest.xml:12:22-76
18    <uses-permission android:name="android.permission.ACCESS_WIFI_STATE" />
18-->src\main\AndroidManifest.xml:13:5-76
18-->src\main\AndroidManifest.xml:13:22-73
19    <uses-permission android:name="android.permission.WRITE_EXTERNAL_STORAGE" />
19-->src\main\AndroidManifest.xml:14:5-81
19-->src\main\AndroidManifest.xml:14:22-78
20    <uses-permission android:name="android.permission.READ_EXTERNAL_STORAGE" />
20-->src\main\AndroidManifest.xml:15:5-80
20-->src\main\AndroidManifest.xml:15:22-77
21
22    <queries>
22-->[in.payu:upisdk:1.5.2] AndroidManifest.xml:14:5-59:15
23        <package android:name="in.amazon.mShop.android.shopping" />
23-->[in.payu:upisdk:1.5.2] AndroidManifest.xml:15:9-68
23-->[in.payu:upisdk:1.5.2] AndroidManifest.xml:15:18-65
24        <package android:name="com.upi.axispay" />
24-->[in.payu:upisdk:1.5.2] AndroidManifest.xml:16:9-51
24-->[in.payu:upisdk:1.5.2] AndroidManifest.xml:16:18-48
25        <package android:name="com.axis.mobile" />
25-->[in.payu:upisdk:1.5.2] AndroidManifest.xml:17:9-51
25-->[in.payu:upisdk:1.5.2] AndroidManifest.xml:17:18-48
26        <package android:name="com.fisglobal.bandhanupi.app" />
26-->[in.payu:upisdk:1.5.2] AndroidManifest.xml:18:9-64
26-->[in.payu:upisdk:1.5.2] AndroidManifest.xml:18:18-61
27        <package android:name="com.bankofbaroda.upi" />
27-->[in.payu:upisdk:1.5.2] AndroidManifest.xml:19:9-56
27-->[in.payu:upisdk:1.5.2] AndroidManifest.xml:19:18-53
28        <package android:name="in.org.npci.upiapp" />
28-->[in.payu:upisdk:1.5.2] AndroidManifest.xml:20:9-54
28-->[in.payu:upisdk:1.5.2] AndroidManifest.xml:20:18-51
29        <package android:name="com.canarabank.mobility" />
29-->[in.payu:upisdk:1.5.2] AndroidManifest.xml:21:9-59
29-->[in.payu:upisdk:1.5.2] AndroidManifest.xml:21:18-56
30        <package android:name="com.citiuat" />
30-->[in.payu:upisdk:1.5.2] AndroidManifest.xml:22:9-47
30-->[in.payu:upisdk:1.5.2] AndroidManifest.xml:22:18-44
31        <package android:name="com.dbs.in.digitalbank" />
31-->[in.payu:upisdk:1.5.2] AndroidManifest.xml:23:9-58
31-->[in.payu:upisdk:1.5.2] AndroidManifest.xml:23:18-55
32        <package android:name="com.olive.dcb.upi" />
32-->[in.payu:upisdk:1.5.2] AndroidManifest.xml:24:9-53
32-->[in.payu:upisdk:1.5.2] AndroidManifest.xml:24:18-50
33        <package android:name="com.finopaytech.bpayfino" />
33-->[in.payu:upisdk:1.5.2] AndroidManifest.xml:25:9-60
33-->[in.payu:upisdk:1.5.2] AndroidManifest.xml:25:18-57
34        <package android:name="com.freecharge.android" />
34-->[in.payu:upisdk:1.5.2] AndroidManifest.xml:26:9-58
34-->[in.payu:upisdk:1.5.2] AndroidManifest.xml:26:18-55
35        <package android:name="com.google.android.apps.nbu.paisa.user" />
35-->[in.payu:upisdk:1.5.2] AndroidManifest.xml:27:9-74
35-->[in.payu:upisdk:1.5.2] AndroidManifest.xml:27:18-71
36        <package android:name="com.snapwork.hdfc" />
36-->[in.payu:upisdk:1.5.2] AndroidManifest.xml:28:9-53
36-->[in.payu:upisdk:1.5.2] AndroidManifest.xml:28:18-50
37        <package android:name="com.mgs.hsbcupi" />
37-->[in.payu:upisdk:1.5.2] AndroidManifest.xml:29:9-51
37-->[in.payu:upisdk:1.5.2] AndroidManifest.xml:29:18-48
38        <package android:name="com.csam.icici.bank.imobile" />
38-->[in.payu:upisdk:1.5.2] AndroidManifest.xml:30:9-63
38-->[in.payu:upisdk:1.5.2] AndroidManifest.xml:30:18-60
39        <package android:name="com.icicibank.pockets" />
39-->[in.payu:upisdk:1.5.2] AndroidManifest.xml:31:9-57
39-->[in.payu:upisdk:1.5.2] AndroidManifest.xml:31:18-54
40        <package android:name="com.euronet.iobupi" />
40-->[in.payu:upisdk:1.5.2] AndroidManifest.xml:32:9-54
40-->[in.payu:upisdk:1.5.2] AndroidManifest.xml:32:18-51
41        <package android:name="com.mgs.induspsp" />
41-->[in.payu:upisdk:1.5.2] AndroidManifest.xml:33:9-52
41-->[in.payu:upisdk:1.5.2] AndroidManifest.xml:33:18-49
42        <package android:name="com.fss.jnkpsp" />
42-->[in.payu:upisdk:1.5.2] AndroidManifest.xml:34:9-50
42-->[in.payu:upisdk:1.5.2] AndroidManifest.xml:34:18-47
43        <package android:name="com.jio.myjio" />
43-->[in.payu:upisdk:1.5.2] AndroidManifest.xml:35:9-49
43-->[in.payu:upisdk:1.5.2] AndroidManifest.xml:35:18-46
44        <package android:name="com.mycompany.kvb" />
44-->[in.payu:upisdk:1.5.2] AndroidManifest.xml:36:9-53
44-->[in.payu:upisdk:1.5.2] AndroidManifest.xml:36:18-50
45        <package android:name="com.kvb.mobilebanking" />
45-->[in.payu:upisdk:1.5.2] AndroidManifest.xml:37:9-57
45-->[in.payu:upisdk:1.5.2] AndroidManifest.xml:37:18-54
46        <package android:name="com.lcode.smartz" />
46-->[in.payu:upisdk:1.5.2] AndroidManifest.xml:38:9-52
46-->[in.payu:upisdk:1.5.2] AndroidManifest.xml:38:18-49
47        <package android:name="com.msf.kbank.mobile" />
47-->[in.payu:upisdk:1.5.2] AndroidManifest.xml:39:9-56
47-->[in.payu:upisdk:1.5.2] AndroidManifest.xml:39:18-53
48        <package android:name="com.upi.federalbank.org.lotza" />
48-->[in.payu:upisdk:1.5.2] AndroidManifest.xml:40:9-65
48-->[in.payu:upisdk:1.5.2] AndroidManifest.xml:40:18-62
49        <package android:name="com.infrasofttech.mahaupi" />
49-->[in.payu:upisdk:1.5.2] AndroidManifest.xml:41:9-61
49-->[in.payu:upisdk:1.5.2] AndroidManifest.xml:41:18-58
50        <package android:name="com.mipay.in.wallet" />
50-->[in.payu:upisdk:1.5.2] AndroidManifest.xml:42:9-55
50-->[in.payu:upisdk:1.5.2] AndroidManifest.xml:42:18-52
51        <package android:name="com.mobikwik_new" />
51-->[in.payu:upisdk:1.5.2] AndroidManifest.xml:43:9-52
51-->[in.payu:upisdk:1.5.2] AndroidManifest.xml:43:18-49
52        <package android:name="com.myairtelapp" />
52-->[in.payu:upisdk:1.5.2] AndroidManifest.xml:44:9-51
52-->[in.payu:upisdk:1.5.2] AndroidManifest.xml:44:18-48
53        <package android:name="com.mobikwik_new" />
53-->[in.payu:upisdk:1.5.2] AndroidManifest.xml:43:9-52
53-->[in.payu:upisdk:1.5.2] AndroidManifest.xml:43:18-49
54        <package android:name="com.onymy.paybee.prod" />
54-->[in.payu:upisdk:1.5.2] AndroidManifest.xml:46:9-57
54-->[in.payu:upisdk:1.5.2] AndroidManifest.xml:46:18-54
55        <package android:name="net.one97.paytm" />
55-->[in.payu:upisdk:1.5.2] AndroidManifest.xml:47:9-51
55-->[in.payu:upisdk:1.5.2] AndroidManifest.xml:47:18-48
56        <package android:name="com.phonepe.app" />
56-->[in.payu:upisdk:1.5.2] AndroidManifest.xml:48:9-51
56-->[in.payu:upisdk:1.5.2] AndroidManifest.xml:48:18-48
57        <package android:name="com.Version1" />
57-->[in.payu:upisdk:1.5.2] AndroidManifest.xml:49:9-48
57-->[in.payu:upisdk:1.5.2] AndroidManifest.xml:49:18-45
58        <package android:name="com.samsung.android.spay" />
58-->[in.payu:upisdk:1.5.2] AndroidManifest.xml:50:9-60
58-->[in.payu:upisdk:1.5.2] AndroidManifest.xml:50:18-57
59        <package android:name="com.sbi.upi" />
59-->[in.payu:upisdk:1.5.2] AndroidManifest.xml:51:9-47
59-->[in.payu:upisdk:1.5.2] AndroidManifest.xml:51:18-44
60        <package android:name="com.SIBMobile" />
60-->[in.payu:upisdk:1.5.2] AndroidManifest.xml:52:9-49
60-->[in.payu:upisdk:1.5.2] AndroidManifest.xml:52:18-46
61        <package android:name="com.truecaller" />
61-->[in.payu:upisdk:1.5.2] AndroidManifest.xml:53:9-50
61-->[in.payu:upisdk:1.5.2] AndroidManifest.xml:53:18-47
62        <package android:name="com.infrasoft.uboi" />
62-->[in.payu:upisdk:1.5.2] AndroidManifest.xml:54:9-54
62-->[in.payu:upisdk:1.5.2] AndroidManifest.xml:54:18-51
63        <package android:name="com.lcode.ucoupi" />
63-->[in.payu:upisdk:1.5.2] AndroidManifest.xml:55:9-52
63-->[in.payu:upisdk:1.5.2] AndroidManifest.xml:55:18-49
64        <package android:name="com.YesBank" />
64-->[in.payu:upisdk:1.5.2] AndroidManifest.xml:56:9-47
64-->[in.payu:upisdk:1.5.2] AndroidManifest.xml:56:18-44
65        <package android:name="com.dreamplug.androidapp" />
65-->[in.payu:upisdk:1.5.2] AndroidManifest.xml:57:9-60
65-->[in.payu:upisdk:1.5.2] AndroidManifest.xml:57:18-57
66        <package android:name="money.bullet" />
66-->[in.payu:upisdk:1.5.2] AndroidManifest.xml:58:9-48
66-->[in.payu:upisdk:1.5.2] AndroidManifest.xml:58:18-45
67        <!-- For browser content -->
68        <intent>
68-->[com.google.android.gms:play-services-ads-lite:19.6.0] AndroidManifest.xml:30:9-36:18
69            <action android:name="android.intent.action.VIEW" />
69-->src\main\AndroidManifest.xml:80:17-69
69-->src\main\AndroidManifest.xml:80:25-66
70
71            <category android:name="android.intent.category.BROWSABLE" />
71-->src\main\AndroidManifest.xml:83:17-78
71-->src\main\AndroidManifest.xml:83:27-75
72
73            <data android:scheme="https" />
73-->src\main\AndroidManifest.xml:85:17-75
73-->src\main\AndroidManifest.xml:85:23-72
74        </intent>
75    </queries> <!-- Create a unique permission for your app and use it so only your app can receive your OneSignal messages. -->
76    <permission
76-->[com.onesignal:OneSignal:4.8.7] AndroidManifest.xml:7:5-9:47
77        android:name="com.di.battlemaniaV5.permission.C2D_MESSAGE"
77-->[com.onesignal:OneSignal:4.8.7] AndroidManifest.xml:8:9-63
78        android:protectionLevel="signature" />
78-->[com.onesignal:OneSignal:4.8.7] AndroidManifest.xml:9:9-44
79
80    <uses-permission android:name="com.di.battlemaniaV5.permission.C2D_MESSAGE" /> <!-- OneSignal SDK has runtime checks Android version. -->
80-->[com.onesignal:OneSignal:4.8.7] AndroidManifest.xml:11:5-79
80-->[com.onesignal:OneSignal:4.8.7] AndroidManifest.xml:11:22-76
81    <!-- <uses-sdk tools:overrideLibrary="android.support.customtabs"/> -->
82    <!-- Required runtime permission to display notifications on Android 13 -->
83    <uses-permission android:name="android.permission.POST_NOTIFICATIONS" /> <!-- c2dm RECEIVE are basic requirements for push messages through Google's FCM -->
83-->[com.onesignal:OneSignal:4.8.7] AndroidManifest.xml:16:5-77
83-->[com.onesignal:OneSignal:4.8.7] AndroidManifest.xml:16:22-74
84    <uses-permission android:name="com.google.android.c2dm.permission.RECEIVE" /> <!-- Required, makes sure notifications are delivered on time. -->
84-->[com.onesignal:OneSignal:4.8.7] AndroidManifest.xml:18:5-82
84-->[com.onesignal:OneSignal:4.8.7] AndroidManifest.xml:18:22-79
85    <uses-permission android:name="android.permission.WAKE_LOCK" />
85-->[com.onesignal:OneSignal:4.8.7] AndroidManifest.xml:19:5-68
85-->[com.onesignal:OneSignal:4.8.7] AndroidManifest.xml:19:22-65
86    <!--
87 Required so the device vibrates on receiving a push notification.
88         Vibration settings of the device still apply.
89    -->
90    <uses-permission android:name="android.permission.VIBRATE" />
90-->[com.onesignal:OneSignal:4.8.7] AndroidManifest.xml:24:5-66
90-->[com.onesignal:OneSignal:4.8.7] AndroidManifest.xml:24:22-63
91    <!--
92 Use to restore notifications the user hasn't interacted with.
93         They could be missed notifications if the user reboots their device if this isn't in place.
94    -->
95    <uses-permission android:name="android.permission.RECEIVE_BOOT_COMPLETED" /> <!-- START: ShortcutBadger -->
95-->[com.onesignal:OneSignal:4.8.7] AndroidManifest.xml:30:5-81
95-->[com.onesignal:OneSignal:4.8.7] AndroidManifest.xml:30:22-78
96    <!-- Samsung -->
97    <uses-permission android:name="com.sec.android.provider.badge.permission.READ" />
97-->[com.onesignal:OneSignal:4.8.7] AndroidManifest.xml:32:5-86
97-->[com.onesignal:OneSignal:4.8.7] AndroidManifest.xml:32:22-83
98    <uses-permission android:name="com.sec.android.provider.badge.permission.WRITE" /> <!-- HTC -->
98-->[com.onesignal:OneSignal:4.8.7] AndroidManifest.xml:33:5-87
98-->[com.onesignal:OneSignal:4.8.7] AndroidManifest.xml:33:22-84
99    <uses-permission android:name="com.htc.launcher.permission.READ_SETTINGS" />
99-->[com.onesignal:OneSignal:4.8.7] AndroidManifest.xml:34:5-81
99-->[com.onesignal:OneSignal:4.8.7] AndroidManifest.xml:34:22-78
100    <uses-permission android:name="com.htc.launcher.permission.UPDATE_SHORTCUT" /> <!-- Sony -->
100-->[com.onesignal:OneSignal:4.8.7] AndroidManifest.xml:35:5-83
100-->[com.onesignal:OneSignal:4.8.7] AndroidManifest.xml:35:22-80
101    <uses-permission android:name="com.sonyericsson.home.permission.BROADCAST_BADGE" />
101-->[com.onesignal:OneSignal:4.8.7] AndroidManifest.xml:36:5-88
101-->[com.onesignal:OneSignal:4.8.7] AndroidManifest.xml:36:22-85
102    <uses-permission android:name="com.sonymobile.home.permission.PROVIDER_INSERT_BADGE" /> <!-- Apex -->
102-->[com.onesignal:OneSignal:4.8.7] AndroidManifest.xml:37:5-92
102-->[com.onesignal:OneSignal:4.8.7] AndroidManifest.xml:37:22-89
103    <uses-permission android:name="com.anddoes.launcher.permission.UPDATE_COUNT" /> <!-- Solid -->
103-->[com.onesignal:OneSignal:4.8.7] AndroidManifest.xml:38:5-84
103-->[com.onesignal:OneSignal:4.8.7] AndroidManifest.xml:38:22-81
104    <uses-permission android:name="com.majeur.launcher.permission.UPDATE_BADGE" /> <!-- Huawei -->
104-->[com.onesignal:OneSignal:4.8.7] AndroidManifest.xml:39:5-83
104-->[com.onesignal:OneSignal:4.8.7] AndroidManifest.xml:39:22-80
105    <uses-permission android:name="com.huawei.android.launcher.permission.CHANGE_BADGE" />
105-->[com.onesignal:OneSignal:4.8.7] AndroidManifest.xml:40:5-91
105-->[com.onesignal:OneSignal:4.8.7] AndroidManifest.xml:40:22-88
106    <uses-permission android:name="com.huawei.android.launcher.permission.READ_SETTINGS" />
106-->[com.onesignal:OneSignal:4.8.7] AndroidManifest.xml:41:5-92
106-->[com.onesignal:OneSignal:4.8.7] AndroidManifest.xml:41:22-89
107    <uses-permission android:name="com.huawei.android.launcher.permission.WRITE_SETTINGS" /> <!-- ZUK -->
107-->[com.onesignal:OneSignal:4.8.7] AndroidManifest.xml:42:5-93
107-->[com.onesignal:OneSignal:4.8.7] AndroidManifest.xml:42:22-90
108    <uses-permission android:name="android.permission.READ_APP_BADGE" /> <!-- OPPO -->
108-->[com.onesignal:OneSignal:4.8.7] AndroidManifest.xml:43:5-73
108-->[com.onesignal:OneSignal:4.8.7] AndroidManifest.xml:43:22-70
109    <uses-permission android:name="com.oppo.launcher.permission.READ_SETTINGS" />
109-->[com.onesignal:OneSignal:4.8.7] AndroidManifest.xml:44:5-82
109-->[com.onesignal:OneSignal:4.8.7] AndroidManifest.xml:44:22-79
110    <uses-permission android:name="com.oppo.launcher.permission.WRITE_SETTINGS" /> <!-- EvMe -->
110-->[com.onesignal:OneSignal:4.8.7] AndroidManifest.xml:45:5-83
110-->[com.onesignal:OneSignal:4.8.7] AndroidManifest.xml:45:22-80
111    <uses-permission android:name="me.everything.badger.permission.BADGE_COUNT_READ" />
111-->[com.onesignal:OneSignal:4.8.7] AndroidManifest.xml:46:5-88
111-->[com.onesignal:OneSignal:4.8.7] AndroidManifest.xml:46:22-85
112    <uses-permission android:name="me.everything.badger.permission.BADGE_COUNT_WRITE" />
112-->[com.onesignal:OneSignal:4.8.7] AndroidManifest.xml:47:5-89
112-->[com.onesignal:OneSignal:4.8.7] AndroidManifest.xml:47:22-86
113    <uses-permission android:name="android.permission.READ_PHONE_STATE" />
113-->[com.instamojo:android-sdk:3.4.0] AndroidManifest.xml:15:5-75
113-->[com.instamojo:android-sdk:3.4.0] AndroidManifest.xml:15:22-72
114    <uses-permission android:name="android.permission.ACCESS_COARSE_LOCATION" />
114-->[in.juspay:godel:0.6.25.4.1423] AndroidManifest.xml:9:5-81
114-->[in.juspay:godel:0.6.25.4.1423] AndroidManifest.xml:9:22-78
115    <uses-permission android:name="com.google.android.finsky.permission.BIND_GET_INSTALL_REFERRER_SERVICE" />
115-->[com.google.android.gms:play-services-measurement:18.0.1] AndroidManifest.xml:26:5-110
115-->[com.google.android.gms:play-services-measurement:18.0.1] AndroidManifest.xml:26:22-107
116    <uses-permission android:name="android.permission.CAMERA" />
116-->[io.card:android-sdk:5.5.1] AndroidManifest.xml:9:5-65
116-->[io.card:android-sdk:5.5.1] AndroidManifest.xml:9:22-62
117
118    <uses-feature
118-->[io.card:android-sdk:5.5.1] AndroidManifest.xml:12:5-14:36
119        android:name="android.hardware.camera"
119-->[io.card:android-sdk:5.5.1] AndroidManifest.xml:13:9-47
120        android:required="false" />
120-->[io.card:android-sdk:5.5.1] AndroidManifest.xml:14:9-33
121    <uses-feature
121-->[io.card:android-sdk:5.5.1] AndroidManifest.xml:15:5-17:36
122        android:name="android.hardware.camera.autofocus"
122-->[io.card:android-sdk:5.5.1] AndroidManifest.xml:16:9-57
123        android:required="false" />
123-->[io.card:android-sdk:5.5.1] AndroidManifest.xml:17:9-33
124
125    <application
125-->src\main\AndroidManifest.xml:23:5-230:19
126        android:name="com.di.NetWin.utils.MyApp"
126-->src\main\AndroidManifest.xml:24:9-36
127        android:allowBackup="true"
127-->src\main\AndroidManifest.xml:25:9-35
128        android:appComponentFactory="androidx.core.app.CoreComponentFactory"
128-->[androidx.core:core:1.5.0] AndroidManifest.xml:24:18-86
129        android:debuggable="true"
130        android:hardwareAccelerated="true"
130-->src\main\AndroidManifest.xml:26:9-43
131        android:icon="@drawable/logo2"
131-->src\main\AndroidManifest.xml:27:9-39
132        android:label="@string/app_name"
132-->src\main\AndroidManifest.xml:28:9-41
133        android:largeHeap="true"
133-->src\main\AndroidManifest.xml:29:9-33
134        android:roundIcon="@drawable/logo2"
134-->src\main\AndroidManifest.xml:30:9-44
135        android:supportsRtl="true"
135-->src\main\AndroidManifest.xml:31:9-35
136        android:testOnly="true"
137        android:theme="@style/AppTheme"
137-->src\main\AndroidManifest.xml:32:9-40
138        android:usesCleartextTraffic="true" >
138-->src\main\AndroidManifest.xml:33:9-44
139        <activity
139-->src\main\AndroidManifest.xml:36:9-38:40
140            android:name="com.di.NetWin.ui.activities.FirstActivity"
140-->src\main\AndroidManifest.xml:37:13-56
141            android:exported="false" />
141-->src\main\AndroidManifest.xml:38:13-37
142        <activity
142-->src\main\AndroidManifest.xml:39:9-41:39
143            android:name="com.di.NetWin.ui.activities.TronActivity"
143-->src\main\AndroidManifest.xml:40:13-55
144            android:exported="true" />
144-->src\main\AndroidManifest.xml:41:13-36
145        <activity
145-->src\main\AndroidManifest.xml:42:9-44:39
146            android:name="com.di.NetWin.ui.activities.ChooseLanguageActivity"
146-->src\main\AndroidManifest.xml:43:13-65
147            android:exported="true" />
147-->src\main\AndroidManifest.xml:44:13-36
148        <activity android:name="com.di.NetWin.ui.activities.SelectedLanguageActivity" />
148-->src\main\AndroidManifest.xml:45:9-76
148-->src\main\AndroidManifest.xml:45:19-73
149        <activity android:name="com.di.NetWin.ui.activities.SingleOrderActivity" />
149-->src\main\AndroidManifest.xml:46:9-71
149-->src\main\AndroidManifest.xml:46:19-68
150        <activity android:name="com.di.NetWin.ui.activities.MyOrderActivity" />
150-->src\main\AndroidManifest.xml:47:9-67
150-->src\main\AndroidManifest.xml:47:19-64
151        <activity android:name="com.di.NetWin.ui.activities.SuccessOrderActivity" />
151-->src\main\AndroidManifest.xml:48:9-72
151-->src\main\AndroidManifest.xml:48:19-69
152        <activity android:name="com.di.NetWin.ui.activities.ProductOrderActivity" />
152-->src\main\AndroidManifest.xml:49:9-72
152-->src\main\AndroidManifest.xml:49:19-69
153        <activity android:name="com.di.NetWin.ui.activities.SingleProductActivity" />
153-->src\main\AndroidManifest.xml:50:9-73
153-->src\main\AndroidManifest.xml:50:19-70
154        <activity android:name="com.di.NetWin.ui.activities.ProductActivity" />
154-->src\main\AndroidManifest.xml:51:9-67
154-->src\main\AndroidManifest.xml:51:19-64
155
156        <meta-data
156-->src\main\AndroidManifest.xml:53:9-55:52
157            android:name="com.google.android.gms.ads.APPLICATION_ID"
157-->src\main\AndroidManifest.xml:54:13-69
158            android:value="@string/admob_app_id" />
158-->src\main\AndroidManifest.xml:55:13-49
159
160        <activity android:name="com.di.NetWin.ui.activities.MyRewardedActivity" />
160-->src\main\AndroidManifest.xml:57:9-70
160-->src\main\AndroidManifest.xml:57:19-67
161        <activity
161-->src\main\AndroidManifest.xml:58:9-61:51
162            android:name="com.di.NetWin.ui.activities.WatchAndEarnActivity"
162-->src\main\AndroidManifest.xml:59:13-63
163            android:label=""
163-->src\main\AndroidManifest.xml:60:13-29
164            android:theme="@style/AppThemetest" />
164-->src\main\AndroidManifest.xml:61:13-48
165        <activity android:name="com.di.NetWin.ui.activities.FpOtpVerificationActivity" />
165-->src\main\AndroidManifest.xml:62:9-77
165-->src\main\AndroidManifest.xml:62:19-74
166        <activity android:name="com.di.NetWin.ui.activities.SelectedLotteryActivity" />
166-->src\main\AndroidManifest.xml:63:9-75
166-->src\main\AndroidManifest.xml:63:19-72
167        <activity android:name="com.di.NetWin.ui.activities.LotteryActivity" />
167-->src\main\AndroidManifest.xml:64:9-67
167-->src\main\AndroidManifest.xml:64:19-64
168        <activity android:name="com.di.NetWin.ui.activities.AnnouncementActivity" />
168-->src\main\AndroidManifest.xml:65:9-72
168-->src\main\AndroidManifest.xml:65:19-69
169        <activity android:name="com.di.NetWin.ui.activities.OtpVerifyActivity" />
169-->src\main\AndroidManifest.xml:66:9-69
169-->src\main\AndroidManifest.xml:66:19-66
170
171        <meta-data
171-->src\main\AndroidManifest.xml:68:9-70:55
172            android:name="com.facebook.sdk.ApplicationId"
172-->src\main\AndroidManifest.xml:69:13-58
173            android:value="@string/facebook_app_id" />
173-->src\main\AndroidManifest.xml:70:13-52
174
175        <activity
175-->src\main\AndroidManifest.xml:72:9-75:48
176            android:name="com.facebook.FacebookActivity"
176-->src\main\AndroidManifest.xml:73:13-57
177            android:configChanges="keyboard|keyboardHidden|screenLayout|screenSize|orientation"
177-->src\main\AndroidManifest.xml:74:13-96
178            android:label="@string/app_name"
178-->src\main\AndroidManifest.xml:75:13-45
179            android:theme="@style/com_facebook_activity_theme" />
179-->[com.facebook.android:facebook-common:9.0.0] AndroidManifest.xml:33:13-63
180        <activity
180-->src\main\AndroidManifest.xml:76:9-87:20
181            android:name="com.facebook.CustomTabActivity"
181-->src\main\AndroidManifest.xml:77:13-58
182            android:exported="true" >
182-->src\main\AndroidManifest.xml:78:13-36
183            <intent-filter>
183-->src\main\AndroidManifest.xml:79:13-86:29
184                <action android:name="android.intent.action.VIEW" />
184-->src\main\AndroidManifest.xml:80:17-69
184-->src\main\AndroidManifest.xml:80:25-66
185
186                <category android:name="android.intent.category.DEFAULT" />
186-->src\main\AndroidManifest.xml:82:17-76
186-->src\main\AndroidManifest.xml:82:27-73
187                <category android:name="android.intent.category.BROWSABLE" />
187-->src\main\AndroidManifest.xml:83:17-78
187-->src\main\AndroidManifest.xml:83:27-75
188
189                <data android:scheme="@string/fb_login_protocol_scheme" />
189-->src\main\AndroidManifest.xml:85:17-75
189-->src\main\AndroidManifest.xml:85:23-72
190            </intent-filter>
191            <intent-filter>
191-->[com.facebook.android:facebook-common:9.0.0] AndroidManifest.xml:39:13-48:29
192                <action android:name="android.intent.action.VIEW" />
192-->src\main\AndroidManifest.xml:80:17-69
192-->src\main\AndroidManifest.xml:80:25-66
193
194                <category android:name="android.intent.category.DEFAULT" />
194-->src\main\AndroidManifest.xml:82:17-76
194-->src\main\AndroidManifest.xml:82:27-73
195                <category android:name="android.intent.category.BROWSABLE" />
195-->src\main\AndroidManifest.xml:83:17-78
195-->src\main\AndroidManifest.xml:83:27-75
196
197                <data
197-->src\main\AndroidManifest.xml:85:17-75
198                    android:host="cct.com.di.battlemaniaV5"
199                    android:scheme="fbconnect" />
199-->src\main\AndroidManifest.xml:85:23-72
200            </intent-filter>
201        </activity>
202        <activity android:name="com.di.NetWin.ui.activities.IndroductionActivity" />
202-->src\main\AndroidManifest.xml:88:9-72
202-->src\main\AndroidManifest.xml:88:19-69
203        <activity android:name="com.di.NetWin.ui.activities.OfflinePaymentActivity" />
203-->src\main\AndroidManifest.xml:89:9-74
203-->src\main\AndroidManifest.xml:89:19-71
204        <activity android:name="com.di.NetWin.ui.activities.TermsandConditionActivity" />
204-->src\main\AndroidManifest.xml:90:9-77
204-->src\main\AndroidManifest.xml:90:19-74
205        <activity android:name="com.di.NetWin.ui.activities.LeaderboardActivity" />
205-->src\main\AndroidManifest.xml:91:9-71
205-->src\main\AndroidManifest.xml:91:19-68
206        <activity
206-->src\main\AndroidManifest.xml:92:9-94:58
207            android:name="com.di.NetWin.ui.activities.WithdrawMoneyActivity"
207-->src\main\AndroidManifest.xml:93:13-64
208            android:theme="@style/AppThemeplaceholder" />
208-->src\main\AndroidManifest.xml:94:13-55
209        <activity
209-->src\main\AndroidManifest.xml:95:9-98:58
210            android:name="com.di.NetWin.ui.activities.AddMoneyActivity"
210-->src\main\AndroidManifest.xml:96:13-59
211            android:screenOrientation="portrait"
211-->src\main\AndroidManifest.xml:97:13-49
212            android:theme="@style/AppThemeplaceholder" />
212-->src\main\AndroidManifest.xml:98:13-55
213        <activity android:name="com.di.NetWin.ui.activities.MyReferralsActivity" />
213-->src\main\AndroidManifest.xml:99:9-71
213-->src\main\AndroidManifest.xml:99:19-68
214        <activity
214-->src\main\AndroidManifest.xml:100:9-103:51
215            android:name="com.di.NetWin.ui.activities.ReferandEarnActivity"
215-->src\main\AndroidManifest.xml:101:13-63
216            android:label=""
216-->src\main\AndroidManifest.xml:102:13-29
217            android:theme="@style/AppThemetest" />
217-->src\main\AndroidManifest.xml:103:13-48
218        <activity android:name="com.di.NetWin.ui.activities.SelectedGameActivity" />
218-->src\main\AndroidManifest.xml:104:9-72
218-->src\main\AndroidManifest.xml:104:19-69
219        <activity android:name="com.di.NetWin.ui.activities.AppUpdateActivity" />
219-->src\main\AndroidManifest.xml:105:9-69
219-->src\main\AndroidManifest.xml:105:19-66
220        <activity
220-->src\main\AndroidManifest.xml:106:9-108:62
221            android:name="com.di.NetWin.ui.activities.HowtoActivity"
221-->src\main\AndroidManifest.xml:107:13-56
222            android:configChanges="orientation|screenSize" />
222-->src\main\AndroidManifest.xml:108:13-59
223        <!--
224 <provider
225            android:name=".utils.GenericFileProvider"
226            android:authorities="${applicationId}.fileprovider"
227            android:exported="false"
228            android:grantUriPermissions="true">
229            <meta-data
230                android:name="android.support.FILE_PROVIDER_PATHS"
231                android:resource="@xml/provider_paths" />
232        </provider>
233        -->
234        <provider
235            android:name="androidx.core.content.FileProvider"
235-->src\main\AndroidManifest.xml:121:13-62
236            android:authorities="com.di.battlemaniaV5.provider"
236-->src\main\AndroidManifest.xml:122:13-60
237            android:exported="false"
237-->src\main\AndroidManifest.xml:123:13-37
238            android:grantUriPermissions="true" >
238-->src\main\AndroidManifest.xml:124:13-47
239            <meta-data
239-->src\main\AndroidManifest.xml:125:13-127:58
240                android:name="android.support.FILE_PROVIDER_PATHS"
240-->src\main\AndroidManifest.xml:126:17-67
241                android:resource="@xml/provider_paths" />
241-->src\main\AndroidManifest.xml:127:17-55
242        </provider>
243
244        <receiver android:name="com.di.NetWin.utils.InstallReceivernew" >
244-->src\main\AndroidManifest.xml:130:9-139:20
244-->src\main\AndroidManifest.xml:130:19-59
245            <intent-filter>
245-->src\main\AndroidManifest.xml:131:13-138:29
246                <action android:name="android.intent.action.PACKAGE_ADDED" />
246-->src\main\AndroidManifest.xml:132:17-78
246-->src\main\AndroidManifest.xml:132:25-75
247                <action android:name="android.intent.action.PACKAGE_CHANGED" />
247-->src\main\AndroidManifest.xml:133:17-80
247-->src\main\AndroidManifest.xml:133:25-77
248
249                <category android:name="android.intent.category.DEFAULT" />
249-->src\main\AndroidManifest.xml:82:17-76
249-->src\main\AndroidManifest.xml:82:27-73
250
251                <data android:scheme="package" />
251-->src\main\AndroidManifest.xml:85:17-75
251-->src\main\AndroidManifest.xml:85:23-72
252            </intent-filter>
253        </receiver>
254
255        <activity
255-->src\main\AndroidManifest.xml:141:9-149:20
256            android:name="com.di.NetWin.ui.activities.SplashScreen"